<?xml version="1.0" encoding="UTF-8"?>
<!-- Generated by org.testng.reporters.JUnitXMLReporter -->
<testsuite ignored="0" hostname="DESKTOP-4P1RL6G" failures="0" tests="5" name="Surefire test" time="201.959" errors="0" timestamp="27 апр. 2019 14:13:26 GMT">
  <testcase classname="ru.org.autotest.FirstTest" name="userLogin" time="13.254"/>
  <testcase classname="ru.org.autotest.SecondTest" name="changeCity" time="24.758"/>
  <testcase classname="ru.org.autotest.SecondTest" name="changeCity" time="21.49"/>
  <testcase classname="ru.org.autotest.SecondTest" name="changeCity" time="24.97"/>
  <testcase classname="ru.org.autotest.ThirdTest" name="toothbrushOrder" time="42.699"/>
</testsuite> <!-- Surefire test -->
