<?xml version="1.0" encoding="UTF-8"?>
<testsuite xmlns:xsi="http://www.w3.org/2001/XMLSchema-instance" xsi:noNamespaceSchemaLocation="https://maven.apache.org/surefire/maven-surefire-plugin/xsd/surefire-test-report.xsd" name="TestSuite" time="237.63" tests="5" errors="0" skipped="0" failures="0">
  <properties>
[...]
</properties>
  <testcase name="userLogin" classname="ru.org.autotest.FirstTest" time="16.972"/>
  <testcase name="changeCity" classname="ru.org.autotest.SecondTest" time="26.857"/>
  <testcase name="changeCity" classname="ru.org.autotest.SecondTest" time="26.421"/>
  <testcase name="changeCity" classname="ru.org.autotest.SecondTest" time="43.638"/>
  <testcase name="toothbrushOrder" classname="ru.org.autotest.ThirdTest" time="42.149"/>
</testsuite>