<?xml version="1.0" encoding="UTF-8"?>
<testng-results ignored="0" total="5" passed="5" failed="0" skipped="0">
  <reporter-output>
  </reporter-output>
  <suite started-at="2019-04-28T10:33:43Z" name="AllTestSuite" finished-at="2019-04-28T10:38:03Z" duration-ms="259607">
    <groups>
    </groups>
    <test started-at="2019-04-28T10:33:43Z" name="LoginTest" finished-at="2019-04-28T10:34:19Z" duration-ms="35913">
      <class name="ru.org.autotest.FirstTest">
        <test-method is-config="true" signature="setup()[pri:0, instance:ru.org.autotest.FirstTest@511d5d04]" started-at="2019-04-28T10:33:43Z" name="setup" finished-at="2019-04-28T10:33:59Z" duration-ms="15470" status="PASS">
          <reporter-output>
          </reporter-output>
        </test-method> <!-- setup -->
        <test-method signature="userLogin()[pri:0, instance:ru.org.autotest.FirstTest@511d5d04]" started-at="2019-04-28T10:33:59Z" name="userLogin" finished-at="2019-04-28T10:34:18Z" duration-ms="18625" status="PASS">
          <reporter-output>
          </reporter-output>
        </test-method> <!-- userLogin -->
        <test-method is-config="true" signature="signOut()[pri:0, instance:ru.org.autotest.FirstTest@511d5d04]" started-at="2019-04-28T10:34:18Z" name="signOut" finished-at="2019-04-28T10:34:19Z" duration-ms="1092" status="PASS">
          <reporter-output>
          </reporter-output>
        </test-method> <!-- signOut -->
      </class> <!-- ru.org.autotest.FirstTest -->
    </test> <!-- LoginTest -->
    <test started-at="2019-04-28T10:34:19Z" name="ChangeCityTest" finished-at="2019-04-28T10:37:02Z" duration-ms="162237">
      <class name="ru.org.autotest.SecondTest">
        <test-method is-config="true" signature="setup()[pri:0, instance:ru.org.autotest.SecondTest@4e38d975]" started-at="2019-04-28T10:34:19Z" name="setup" finished-at="2019-04-28T10:34:39Z" duration-ms="20045" status="PASS">
          <reporter-output>
          </reporter-output>
        </test-method> <!-- setup -->
        <test-method signature="changeCity(java.lang.String)[pri:0, instance:ru.org.autotest.SecondTest@4e38d975]" started-at="2019-04-28T10:34:39Z" name="changeCity" data-provider="cityName" finished-at="2019-04-28T10:35:16Z" duration-ms="36551" status="PASS">
          <params>
            <param index="0">
              <value>
                <![CDATA[Хвалынск]]>
              </value>
            </param>
          </params>
          <reporter-output>
          </reporter-output>
        </test-method> <!-- changeCity -->
        <test-method is-config="true" signature="signOut()[pri:0, instance:ru.org.autotest.SecondTest@4e38d975]" started-at="2019-04-28T10:35:16Z" name="signOut" finished-at="2019-04-28T10:35:17Z" duration-ms="953" status="PASS">
          <reporter-output>
          </reporter-output>
        </test-method> <!-- signOut -->
        <test-method is-config="true" signature="setup()[pri:0, instance:ru.org.autotest.SecondTest@4e38d975]" started-at="2019-04-28T10:35:17Z" name="setup" finished-at="2019-04-28T10:35:37Z" duration-ms="19219" status="PASS">
          <reporter-output>
          </reporter-output>
        </test-method> <!-- setup -->
        <test-method signature="changeCity(java.lang.String)[pri:0, instance:ru.org.autotest.SecondTest@4e38d975]" started-at="2019-04-28T10:35:37Z" name="changeCity" data-provider="cityName" finished-at="2019-04-28T10:36:18Z" duration-ms="41884" status="PASS">
          <params>
            <param index="0">
              <value>
                <![CDATA[Энгельс]]>
              </value>
            </param>
          </params>
          <reporter-output>
          </reporter-output>
        </test-method> <!-- changeCity -->
        <test-method is-config="true" signature="signOut()[pri:0, instance:ru.org.autotest.SecondTest@4e38d975]" started-at="2019-04-28T10:36:19Z" name="signOut" finished-at="2019-04-28T10:36:19Z" duration-ms="975" status="PASS">
          <reporter-output>
          </reporter-output>
        </test-method> <!-- signOut -->
        <test-method is-config="true" signature="setup()[pri:0, instance:ru.org.autotest.SecondTest@4e38d975]" started-at="2019-04-28T10:36:19Z" name="setup" finished-at="2019-04-28T10:36:31Z" duration-ms="11933" status="PASS">
          <reporter-output>
          </reporter-output>
        </test-method> <!-- setup -->
        <test-method signature="changeCity(java.lang.String)[pri:0, instance:ru.org.autotest.SecondTest@4e38d975]" started-at="2019-04-28T10:36:31Z" name="changeCity" data-provider="cityName" finished-at="2019-04-28T10:37:01Z" duration-ms="29227" status="PASS">
          <params>
            <param index="0">
              <value>
                <![CDATA[Балаково]]>
              </value>
            </param>
          </params>
          <reporter-output>
          </reporter-output>
        </test-method> <!-- changeCity -->
        <test-method is-config="true" signature="signOut()[pri:0, instance:ru.org.autotest.SecondTest@4e38d975]" started-at="2019-04-28T10:37:01Z" name="signOut" finished-at="2019-04-28T10:37:02Z" duration-ms="933" status="PASS">
          <reporter-output>
          </reporter-output>
        </test-method> <!-- signOut -->
      </class> <!-- ru.org.autotest.SecondTest -->
    </test> <!-- ChangeCityTest -->
    <test started-at="2019-04-28T10:37:02Z" name="DeliveryTest" finished-at="2019-04-28T10:38:03Z" duration-ms="61348">
      <class name="ru.org.autotest.ThirdTest">
        <test-method is-config="true" signature="setup()[pri:0, instance:ru.org.autotest.ThirdTest@5e840abf]" started-at="2019-04-28T10:37:02Z" name="setup" finished-at="2019-04-28T10:37:12Z" duration-ms="10894" status="PASS">
          <reporter-output>
          </reporter-output>
        </test-method> <!-- setup -->
        <test-method signature="toothbrushOrder()[pri:0, instance:ru.org.autotest.ThirdTest@5e840abf]" started-at="2019-04-28T10:37:13Z" name="toothbrushOrder" finished-at="2019-04-28T10:38:02Z" duration-ms="49475" status="PASS">
          <reporter-output>
          </reporter-output>
        </test-method> <!-- toothbrushOrder -->
        <test-method is-config="true" signature="signOut()[pri:0, instance:ru.org.autotest.ThirdTest@5e840abf]" started-at="2019-04-28T10:38:02Z" name="signOut" finished-at="2019-04-28T10:38:03Z" duration-ms="939" status="PASS">
          <reporter-output>
          </reporter-output>
        </test-method> <!-- signOut -->
      </class> <!-- ru.org.autotest.ThirdTest -->
    </test> <!-- DeliveryTest -->
  </suite> <!-- AllTestSuite -->
</testng-results>
