<?xml version="1.0" encoding="UTF-8"?>
<!-- Generated by org.testng.reporters.JUnitXMLReporter -->
<testsuite ignored="0" hostname="DESKTOP-4P1RL6G" failures="0" tests="3" name="ChangeCityTest" time="162.237" errors="0" timestamp="28 апр. 2019 10:37:02 GMT">
  <testcase classname="ru.org.autotest.SecondTest" name="changeCity" time="36.551"/>
  <testcase classname="ru.org.autotest.SecondTest" name="changeCity" time="41.884"/>
  <testcase classname="ru.org.autotest.SecondTest" name="changeCity" time="29.227"/>
</testsuite> <!-- ChangeCityTest -->
