<?xml version="1.0" encoding="UTF-8"?>
<!-- Generated by org.testng.reporters.JUnitXMLReporter -->
<testsuite ignored="0" hostname="DESKTOP-4P1RL6G" failures="0" tests="3" name="ChangeCityTest" time="143.164" errors="0" timestamp="28 апр. 2019 12:54:06 GMT">
  <testcase classname="ru.org.autotest.SecondTest" name="changeCity" time="26.273"/>
  <testcase classname="ru.org.autotest.SecondTest" name="changeCity" time="26.423"/>
  <testcase classname="ru.org.autotest.SecondTest" name="changeCity" time="43.638"/>
</testsuite> <!-- ChangeCityTest -->
